#! /c/iverilog/bin/vvp
:ivl_version "0.9.7 " "(v0_9_7)";
:vpi_time_precision - 12;
:vpi_module "system";
:vpi_module "v2005_math";
:vpi_module "va_math";
S_00904F80 .scope module, "processor" "processor" 2 31;
 .timescale -9 -12;
L_00962AE8 .functor BUFZ 32, v00960C78_0, C4<00000000000000000000000000000000>, C4<00000000000000000000000000000000>, C4<00000000000000000000000000000000>;
L_00962960 .functor BUFZ 10, v00960960_0, C4<0000000000>, C4<0000000000>, C4<0000000000>;
L_00962CA8 .functor BUFZ 21, v00960DD8_0, C4<000000000000000000000>, C4<000000000000000000000>, C4<000000000000000000000>;
L_00962880 .functor BUFZ 3, v00961510_0, C4<000>, C4<000>, C4<000>;
v00961040_0 .net "alu_control", 2 0, L_00962880; 1 drivers
v00961098_0 .net "alu_op", 2 0, v00961510_0; 1 drivers
v00960B18_0 .net "alu_src", 0 0, v00961670_0; 1 drivers
v00960B70_0 .net "branch", 0 0, v009616C8_0; 1 drivers
v00960BC8_0 .net "clk", 0 0, C4<z>; 0 drivers
v00960C20_0 .net "data_out", 31 0, v009606D0_0; 1 drivers
v00961910_0 .net "func3", 2 0, v00960D28_0; 1 drivers
v00961D30_0 .net "func7", 6 0, v00960D80_0; 1 drivers
v00961F98_0 .net "imm", 20 0, v00960DD8_0; 1 drivers
v00961DE0_0 .net "imm_out", 20 0, L_00962CA8; 1 drivers
v00961C28_0 .net "instr", 31 0, L_00962AE8; 1 drivers
v009620A0_0 .net "instruction", 31 0, v00960C78_0; 1 drivers
v00961A18_0 .net "mem_read", 0 0, v00961778_0; 1 drivers
v00961C80_0 .net "mem_to_reg", 1 0, v00960908_0; 1 drivers
v00961CD8_0 .net "mem_write", 0 0, v00960CD0_0; 1 drivers
v00961D88_0 .net "opcode", 6 0, v00960A10_0; 1 drivers
v00961A70_0 .net "out1", 31 0, L_00962CE0; 1 drivers
RS_0092F044 .resolv tri, v0095FFF0_0, L_00962A78, C4<zzzzzzzzzzzzzzzzzzzzzzzzzzzzzzzz>, C4<zzzzzzzzzzzzzzzzzzzzzzzzzzzzzzzz>;
v009621A8_0 .net8 "out2", 31 0, RS_0092F044; 2 drivers
v00961968_0 .net "pc", 9 0, v00960960_0; 1 drivers
v00961860_0 .net "pc_out", 9 0, L_00962960; 1 drivers
v00961B78_0 .net "r1", 4 0, v009610F0_0; 1 drivers
v00961E38_0 .net "r2", 4 0, v00961148_0; 1 drivers
v00961808_0 .net "rd", 4 0, v009611F8_0; 1 drivers
v00961E90_0 .net "reg_write", 0 0, v009612A8_0; 1 drivers
v009618B8_0 .net "reset", 0 0, C4<z>; 0 drivers
v00962048_0 .net "result", 31 0, v00960410_0; 1 drivers
v00962258_0 .net "size", 0 0, v00961250_0; 1 drivers
v00961FF0_0 .net "write_data", 31 0, v0091CCF8_0; 1 drivers
v00961EE8_0 .net "zero_flag", 0 0, v00960728_0; 1 drivers
S_00903B50 .scope module, "PC1" "ProgramCounter" 2 46, 3 21, S_00904F80;
 .timescale -9 -12;
v00960858_0 .alias "branch", 0 0, v00960B70_0;
v00960E88_0 .alias "clk", 0 0, v00960BC8_0;
v00960960_0 .var "count", 9 0;
v00960A68_0 .alias "mem_to_reg", 1 0, v00961C80_0;
v00960F38_0 .alias "offset", 20 0, v00961F98_0;
v00960F90_0 .alias "reg_out1", 31 0, v00961A70_0;
v00960FE8_0 .alias "reset", 0 0, v009618B8_0;
v00960AC0_0 .alias "zero_flag", 0 0, v00961EE8_0;
E_0090A900 .event negedge, v0131A988_0;
S_00904238 .scope module, "INSTRUCTION_MEMORY" "instruction_memory" 2 51, 4 1, S_00904F80;
 .timescale -9 -12;
v00960EE0_0 .alias "clk", 0 0, v00960BC8_0;
v00960E30 .array "imemory", 0 1023, 31 0;
v00960C78_0 .var "instruction", 31 0;
v00960800_0 .alias "read_addr", 9 0, v00961968_0;
S_00903DF8 .scope module, "DECODER" "decoder" 2 63, 5 3, S_00904F80;
 .timescale -9 -12;
P_009245CC .param/l "b_type" 5 18, C4<1100011>;
P_009245E0 .param/l "i_type" 5 16, C4<0010011>;
P_009245F4 .param/l "jal_type" 5 19, C4<1101111>;
P_00924608 .param/l "jalr_type" 5 20, C4<1100111>;
P_0092461C .param/l "l_type" 5 17, C4<0000011>;
P_00924630 .param/l "r_type" 5 14, C4<0110011>;
P_00924644 .param/l "s_type" 5 15, C4<0100011>;
v009609B8_0 .alias "clk", 0 0, v00960BC8_0;
v00960D28_0 .var "func3", 2 0;
v00960D80_0 .var "func7", 6 0;
v00960DD8_0 .var "imm", 20 0;
v009611A0_0 .alias "instruction", 31 0, v009620A0_0;
v00960A10_0 .var "opcode", 6 0;
v009610F0_0 .var "r1", 4 0;
v00961148_0 .var "r2", 4 0;
v009611F8_0 .var "rd", 4 0;
v00961250_0 .var "size", 0 0;
S_00904458 .scope module, "CONTROL" "control" 2 73, 6 3, S_00904F80;
 .timescale -9 -12;
P_00924534 .param/l "b_type" 6 13, C4<1100011>;
P_00924548 .param/l "i_type" 6 11, C4<0010011>;
P_0092455C .param/l "jal_type" 6 14, C4<1101111>;
P_00924570 .param/l "jalr_type" 6 15, C4<1100111>;
P_00924584 .param/l "l_type" 6 12, C4<0000011>;
P_00924598 .param/l "r_type" 6 9, C4<0110011>;
P_009245AC .param/l "s_type" 6 10, C4<0100011>;
v00961670_0 .var "alu_src", 0 0;
v009616C8_0 .var "branch", 0 0;
v00961460_0 .alias "clk", 0 0, v00960BC8_0;
v00961778_0 .var "mem_read", 0 0;
v00960908_0 .var "mem_to_reg", 1 0;
v00960CD0_0 .var "mem_write", 0 0;
v009608B0_0 .alias "opcode", 6 0, v00961D88_0;
v009612A8_0 .var "reg_write", 0 0;
E_0090A740/0 .event edge, v00961408_0;
E_0090A740/1 .event posedge, v0131A988_0;
E_0090A740 .event/or E_0090A740/0, E_0090A740/1;
S_00905090 .scope module, "ALU_C" "alu_control" 2 77, 7 3, S_00904F80;
 .timescale -9 -12;
P_0092A264 .param/l "b_type" 7 14, C4<1100011>;
P_0092A278 .param/l "i_type" 7 12, C4<0010011>;
P_0092A28C .param/l "jal_type" 7 15, C4<1101111>;
P_0092A2A0 .param/l "jalr_type" 7 16, C4<1100111>;
P_0092A2B4 .param/l "l_type" 7 13, C4<0000011>;
P_0092A2C8 .param/l "r_type" 7 10, C4<0110011>;
P_0092A2DC .param/l "s_type" 7 11, C4<0100011>;
v00961510_0 .var "alu_control", 2 0;
v009615C0_0 .alias "clk", 0 0, v00960BC8_0;
v00961720_0 .alias "func3", 2 0, v00961910_0;
v00961618_0 .alias "func7", 6 0, v00961D30_0;
v00961408_0 .alias "opcode", 6 0, v00961D88_0;
S_00905228 .scope module, "REG_FILE" "reg_file" 2 84, 8 3, S_00904F80;
 .timescale -9 -12;
L_00962CE0 .functor BUFZ 32, L_00961F40, C4<00000000000000000000000000000000>, C4<00000000000000000000000000000000>, C4<00000000000000000000000000000000>;
L_00962A78 .functor BUFZ 32, L_009620F8, C4<00000000000000000000000000000000>, C4<00000000000000000000000000000000>, C4<00000000000000000000000000000000>;
v00960150_0 .net *"_s0", 31 0, L_00961F40; 1 drivers
v009601A8_0 .net *"_s4", 31 0, L_009620F8; 1 drivers
v00960620_0 .alias "clk", 0 0, v00960BC8_0;
v00960678_0 .alias "out1", 31 0, v00961A70_0;
v009600A0_0 .alias "out2", 31 0, v009621A8_0;
v009600F8_0 .alias "r1", 4 0, v00961B78_0;
v009614B8_0 .alias "r2", 4 0, v00961E38_0;
v00961568_0 .alias "rd", 4 0, v00961808_0;
v009613B0 .array "registers", 0 31, 31 0;
v00961300_0 .alias "wr", 0 0, v00961E90_0;
v00961358_0 .alias "write_data", 31 0, v00961FF0_0;
L_00961F40 .array/port v009613B0, v009610F0_0;
L_009620F8 .array/port v009613B0, v00961148_0;
S_00905008 .scope module, "ALU_MUX" "alu_mux" 2 88, 9 3, S_00904F80;
 .timescale -9 -12;
v00960468_0 .alias "alu_src", 0 0, v00960B18_0;
v00960200_0 .alias "clk", 0 0, v00960BC8_0;
v009604C0_0 .alias "imm", 20 0, v00961F98_0;
v0095FFF0_0 .var "out", 31 0;
v00960048_0 .alias "reg2", 31 0, v009621A8_0;
S_00904A30 .scope module, "ALU" "alu" 2 94, 10 4, S_00904F80;
 .timescale -9 -12;
v00960360_0 .alias "a", 31 0, v00961A70_0;
v00960570_0 .alias "alu_control", 2 0, v00961098_0;
v009605C8_0 .alias "b", 31 0, v009621A8_0;
v00960518_0 .alias "clk", 0 0, v00960BC8_0;
v00960410_0 .var "out", 31 0;
v00960728_0 .var "zero_flag", 0 0;
S_00905558 .scope module, "DATA_MEMORY" "data_memory" 2 98, 11 3, S_00904F80;
 .timescale -9 -12;
v00913208_0 .alias "address", 31 0, v00962048_0;
v00913260_0 .alias "clk", 0 0, v00960BC8_0;
v0092A208_0 .alias "mem_rd", 0 0, v00961A18_0;
v00960308_0 .alias "mem_wr", 0 0, v00961CD8_0;
v009603B8 .array "memory", 0 1023, 7 0;
v009606D0_0 .var "read_data", 31 0;
v009602B0_0 .alias "size", 0 0, v00962258_0;
v00960258_0 .alias "write_data", 31 0, v009621A8_0;
S_00905448 .scope module, "MEM_MUX" "mem_mux" 2 102, 12 4, S_00904F80;
 .timescale -9 -12;
v0131A400_0 .alias "alu_result", 31 0, v00962048_0;
v0131A988_0 .alias "clk", 0 0, v00960BC8_0;
v009136F8_0 .alias "mem_data", 31 0, v00960C20_0;
v0091CCA0_0 .alias "mem_to_reg", 1 0, v00961C80_0;
v0091CCF8_0 .var "out", 31 0;
v009131B0_0 .alias "pc", 9 0, v00961968_0;
E_00909E20 .event posedge, v0131A988_0;
    .scope S_00903B50;
T_0 ;
    %wait E_0090A900;
    %load/v 8, v00960FE8_0, 1;
    %jmp/0xz  T_0.0, 8;
    %set/v v00960960_0, 0, 10;
    %jmp T_0.1;
T_0.0 ;
    %load/v 8, v00960858_0, 1;
    %load/v 9, v00960AC0_0, 1;
    %and 8, 9, 1;
    %load/v 9, v00960A68_0, 2;
    %cmp/u 9, 2, 2;
    %mov 9, 4, 1;
    %and 8, 9, 1;
    %jmp/0xz  T_0.2, 8;
    %load/v 8, v00960960_0, 10;
    %mov 18, 0, 11;
    %load/v 29, v00960F38_0, 21;
    %add 8, 29, 21;
    %set/v v00960960_0, 8, 10;
    %jmp T_0.3;
T_0.2 ;
    %load/v 8, v00960858_0, 1;
    %load/v 9, v00960A68_0, 2;
    %cmpi/u 9, 3, 2;
    %mov 9, 4, 1;
    %and 8, 9, 1;
    %jmp/0xz  T_0.4, 8;
    %load/v 8, v00960F38_0, 21;
    %mov 29, 0, 11;
    %load/v 40, v00960F90_0, 32;
    %add 8, 40, 32;
    %set/v v00960960_0, 8, 10;
    %jmp T_0.5;
T_0.4 ;
    %load/v 8, v00960858_0, 1;
    %load/v 9, v00960A68_0, 2;
    %cmpi/u 9, 2, 2;
    %or 8, 4, 1;
    %jmp/0xz  T_0.6, 8;
    %load/v 8, v00960960_0, 10;
    %mov 18, 0, 11;
    %load/v 29, v00960F38_0, 21;
    %add 8, 29, 21;
    %set/v v00960960_0, 8, 10;
    %jmp T_0.7;
T_0.6 ;
    %load/v 8, v00960960_0, 10;
    %mov 18, 0, 22;
    %addi 8, 1, 32;
    %set/v v00960960_0, 8, 10;
T_0.7 ;
T_0.5 ;
T_0.3 ;
T_0.1 ;
    %jmp T_0;
    .thread T_0;
    .scope S_00904238;
T_1 ;
    %wait E_00909E20;
    %movi 8, 1114291, 32;
   %ix/load 1, 0, 0;
   %ix/load 3, 0, 0;
   %set/av v00960E30, 8, 32;
    %movi 8, 1114419, 32;
   %ix/load 1, 0, 0;
   %ix/load 3, 1, 0;
   %set/av v00960E30, 8, 32;
    %movi 8, 1114547, 32;
   %ix/load 1, 0, 0;
   %ix/load 3, 2, 0;
   %set/av v00960E30, 8, 32;
    %movi 8, 1143347, 32;
   %ix/load 1, 0, 0;
   %ix/load 3, 3, 0;
   %set/av v00960E30, 8, 32;
    %ix/getv 3, v00960800_0;
    %load/av 8, v00960E30, 32;
    %set/v v00960C78_0, 8, 32;
    %jmp T_1;
    .thread T_1;
    .scope S_00903DF8;
T_2 ;
    %wait E_00909E20;
    %set/v v00960D28_0, 0, 3;
    %set/v v00960D80_0, 0, 7;
    %set/v v00960DD8_0, 0, 21;
    %set/v v009610F0_0, 0, 5;
    %set/v v00961148_0, 0, 5;
    %set/v v009611F8_0, 0, 5;
    %load/v 8, v009611A0_0, 7; Only need 7 of 32 bits
; Save base=8 wid=7 in lookaside.
    %set/v v00960A10_0, 8, 7;
    %set/v v00961250_0, 1, 1;
    %load/v 8, v00960A10_0, 7;
    %cmpi/u 8, 51, 7;
    %jmp/1 T_2.0, 6;
    %cmpi/u 8, 35, 7;
    %jmp/1 T_2.1, 6;
    %cmpi/u 8, 19, 7;
    %jmp/1 T_2.2, 6;
    %cmpi/u 8, 3, 7;
    %jmp/1 T_2.3, 6;
    %cmpi/u 8, 99, 7;
    %jmp/1 T_2.4, 6;
    %cmpi/u 8, 111, 7;
    %jmp/1 T_2.5, 6;
    %cmpi/u 8, 103, 7;
    %jmp/1 T_2.6, 6;
    %jmp T_2.7;
T_2.0 ;
    %ix/load 1, 7, 0;
    %mov 4, 0, 1;
    %jmp/1 T_2.8, 4;
    %load/x1p 8, v009611A0_0, 5;
    %jmp T_2.9;
T_2.8 ;
    %mov 8, 2, 5;
T_2.9 ;
; Save base=8 wid=5 in lookaside.
    %set/v v009611F8_0, 8, 5;
    %ix/load 1, 12, 0;
    %mov 4, 0, 1;
    %jmp/1 T_2.10, 4;
    %load/x1p 8, v009611A0_0, 3;
    %jmp T_2.11;
T_2.10 ;
    %mov 8, 2, 3;
T_2.11 ;
; Save base=8 wid=3 in lookaside.
    %set/v v00960D28_0, 8, 3;
    %ix/load 1, 15, 0;
    %mov 4, 0, 1;
    %jmp/1 T_2.12, 4;
    %load/x1p 8, v009611A0_0, 5;
    %jmp T_2.13;
T_2.12 ;
    %mov 8, 2, 5;
T_2.13 ;
; Save base=8 wid=5 in lookaside.
    %set/v v009610F0_0, 8, 5;
    %ix/load 1, 20, 0;
    %mov 4, 0, 1;
    %jmp/1 T_2.14, 4;
    %load/x1p 8, v009611A0_0, 5;
    %jmp T_2.15;
T_2.14 ;
    %mov 8, 2, 5;
T_2.15 ;
; Save base=8 wid=5 in lookaside.
    %set/v v00961148_0, 8, 5;
    %ix/load 1, 25, 0;
    %mov 4, 0, 1;
    %jmp/1 T_2.16, 4;
    %load/x1p 8, v009611A0_0, 7;
    %jmp T_2.17;
T_2.16 ;
    %mov 8, 2, 7;
T_2.17 ;
; Save base=8 wid=7 in lookaside.
    %set/v v00960D80_0, 8, 7;
    %jmp T_2.7;
T_2.1 ;
    %ix/load 1, 7, 0;
    %mov 4, 0, 1;
    %jmp/1 T_2.18, 4;
    %load/x1p 8, v009611A0_0, 5;
    %jmp T_2.19;
T_2.18 ;
    %mov 8, 2, 5;
T_2.19 ;
; Save base=8 wid=5 in lookaside.
    %ix/load 0, 0, 0;
    %set/x0 v00960DD8_0, 8, 5;
    %ix/load 1, 12, 0;
    %mov 4, 0, 1;
    %jmp/1 T_2.20, 4;
    %load/x1p 8, v009611A0_0, 3;
    %jmp T_2.21;
T_2.20 ;
    %mov 8, 2, 3;
T_2.21 ;
; Save base=8 wid=3 in lookaside.
    %set/v v00960D28_0, 8, 3;
    %ix/load 1, 15, 0;
    %mov 4, 0, 1;
    %jmp/1 T_2.22, 4;
    %load/x1p 8, v009611A0_0, 5;
    %jmp T_2.23;
T_2.22 ;
    %mov 8, 2, 5;
T_2.23 ;
; Save base=8 wid=5 in lookaside.
    %set/v v009610F0_0, 8, 5;
    %ix/load 1, 20, 0;
    %mov 4, 0, 1;
    %jmp/1 T_2.24, 4;
    %load/x1p 8, v009611A0_0, 5;
    %jmp T_2.25;
T_2.24 ;
    %mov 8, 2, 5;
T_2.25 ;
; Save base=8 wid=5 in lookaside.
    %set/v v00961148_0, 8, 5;
    %ix/load 1, 25, 0;
    %mov 4, 0, 1;
    %jmp/1 T_2.26, 4;
    %load/x1p 8, v009611A0_0, 7;
    %jmp T_2.27;
T_2.26 ;
    %mov 8, 2, 7;
T_2.27 ;
; Save base=8 wid=7 in lookaside.
    %ix/load 0, 5, 0;
    %set/x0 v00960DD8_0, 8, 7;
    %load/v 8, v00960D28_0, 3;
    %cmpi/u 8, 0, 3;
    %jmp/0xz  T_2.28, 4;
    %set/v v00961250_0, 0, 1;
T_2.28 ;
    %jmp T_2.7;
T_2.2 ;
    %ix/load 1, 7, 0;
    %mov 4, 0, 1;
    %jmp/1 T_2.30, 4;
    %load/x1p 8, v009611A0_0, 5;
    %jmp T_2.31;
T_2.30 ;
    %mov 8, 2, 5;
T_2.31 ;
; Save base=8 wid=5 in lookaside.
    %set/v v009611F8_0, 8, 5;
    %ix/load 1, 12, 0;
    %mov 4, 0, 1;
    %jmp/1 T_2.32, 4;
    %load/x1p 8, v009611A0_0, 3;
    %jmp T_2.33;
T_2.32 ;
    %mov 8, 2, 3;
T_2.33 ;
; Save base=8 wid=3 in lookaside.
    %set/v v00960D28_0, 8, 3;
    %ix/load 1, 15, 0;
    %mov 4, 0, 1;
    %jmp/1 T_2.34, 4;
    %load/x1p 8, v009611A0_0, 5;
    %jmp T_2.35;
T_2.34 ;
    %mov 8, 2, 5;
T_2.35 ;
; Save base=8 wid=5 in lookaside.
    %set/v v009610F0_0, 8, 5;
    %set/v v00960D80_0, 2, 7;
    %ix/load 1, 20, 0;
    %mov 4, 0, 1;
    %jmp/1 T_2.36, 4;
    %load/x1p 8, v009611A0_0, 12;
    %jmp T_2.37;
T_2.36 ;
    %mov 8, 2, 12;
T_2.37 ;
; Save base=8 wid=12 in lookaside.
    %ix/load 0, 0, 0;
    %set/x0 v00960DD8_0, 8, 12;
    %jmp T_2.7;
T_2.3 ;
    %ix/load 1, 7, 0;
    %mov 4, 0, 1;
    %jmp/1 T_2.38, 4;
    %load/x1p 8, v009611A0_0, 5;
    %jmp T_2.39;
T_2.38 ;
    %mov 8, 2, 5;
T_2.39 ;
; Save base=8 wid=5 in lookaside.
    %set/v v009611F8_0, 8, 5;
    %ix/load 1, 12, 0;
    %mov 4, 0, 1;
    %jmp/1 T_2.40, 4;
    %load/x1p 8, v009611A0_0, 3;
    %jmp T_2.41;
T_2.40 ;
    %mov 8, 2, 3;
T_2.41 ;
; Save base=8 wid=3 in lookaside.
    %set/v v00960D28_0, 8, 3;
    %ix/load 1, 15, 0;
    %mov 4, 0, 1;
    %jmp/1 T_2.42, 4;
    %load/x1p 8, v009611A0_0, 5;
    %jmp T_2.43;
T_2.42 ;
    %mov 8, 2, 5;
T_2.43 ;
; Save base=8 wid=5 in lookaside.
    %set/v v009610F0_0, 8, 5;
    %set/v v00960D80_0, 2, 7;
    %ix/load 1, 20, 0;
    %mov 4, 0, 1;
    %jmp/1 T_2.44, 4;
    %load/x1p 8, v009611A0_0, 12;
    %jmp T_2.45;
T_2.44 ;
    %mov 8, 2, 12;
T_2.45 ;
; Save base=8 wid=12 in lookaside.
    %ix/load 0, 0, 0;
    %set/x0 v00960DD8_0, 8, 12;
    %load/v 8, v00960D28_0, 3;
    %cmpi/u 8, 0, 3;
    %jmp/0xz  T_2.46, 4;
    %set/v v00961250_0, 0, 1;
T_2.46 ;
    %jmp T_2.7;
T_2.4 ;
    %ix/load 1, 7, 0;
    %mov 4, 0, 1;
    %jmp/1 T_2.48, 4;
    %load/x1p 8, v009611A0_0, 1;
    %jmp T_2.49;
T_2.48 ;
    %mov 8, 2, 1;
T_2.49 ;
; Save base=8 wid=1 in lookaside.
    %ix/load 0, 11, 0;
    %set/x0 v00960DD8_0, 8, 1;
    %ix/load 1, 8, 0;
    %mov 4, 0, 1;
    %jmp/1 T_2.50, 4;
    %load/x1p 8, v009611A0_0, 4;
    %jmp T_2.51;
T_2.50 ;
    %mov 8, 2, 4;
T_2.51 ;
; Save base=8 wid=4 in lookaside.
    %ix/load 0, 1, 0;
    %set/x0 v00960DD8_0, 8, 4;
    %ix/load 1, 12, 0;
    %mov 4, 0, 1;
    %jmp/1 T_2.52, 4;
    %load/x1p 8, v009611A0_0, 3;
    %jmp T_2.53;
T_2.52 ;
    %mov 8, 2, 3;
T_2.53 ;
; Save base=8 wid=3 in lookaside.
    %set/v v00960D28_0, 8, 3;
    %ix/load 1, 15, 0;
    %mov 4, 0, 1;
    %jmp/1 T_2.54, 4;
    %load/x1p 8, v009611A0_0, 5;
    %jmp T_2.55;
T_2.54 ;
    %mov 8, 2, 5;
T_2.55 ;
; Save base=8 wid=5 in lookaside.
    %set/v v009610F0_0, 8, 5;
    %ix/load 1, 20, 0;
    %mov 4, 0, 1;
    %jmp/1 T_2.56, 4;
    %load/x1p 8, v009611A0_0, 5;
    %jmp T_2.57;
T_2.56 ;
    %mov 8, 2, 5;
T_2.57 ;
; Save base=8 wid=5 in lookaside.
    %set/v v00961148_0, 8, 5;
    %ix/load 1, 25, 0;
    %mov 4, 0, 1;
    %jmp/1 T_2.58, 4;
    %load/x1p 8, v009611A0_0, 6;
    %jmp T_2.59;
T_2.58 ;
    %mov 8, 2, 6;
T_2.59 ;
; Save base=8 wid=6 in lookaside.
    %ix/load 0, 5, 0;
    %set/x0 v00960DD8_0, 8, 6;
    %ix/load 1, 31, 0;
    %mov 4, 0, 1;
    %jmp/1 T_2.60, 4;
    %load/x1p 8, v009611A0_0, 1;
    %jmp T_2.61;
T_2.60 ;
    %mov 8, 2, 1;
T_2.61 ;
; Save base=8 wid=1 in lookaside.
    %ix/load 0, 12, 0;
    %set/x0 v00960DD8_0, 8, 1;
    %load/v 8, v00960DD8_0, 21;
    %ix/load 0, 1, 0;
    %mov 4, 0, 1;
    %shiftr/i0  8, 21;
    %set/v v00960DD8_0, 8, 21;
    %set/v v009611F8_0, 2, 5;
    %set/v v00960D80_0, 2, 7;
    %jmp T_2.7;
T_2.5 ;
    %ix/load 1, 7, 0;
    %mov 4, 0, 1;
    %jmp/1 T_2.62, 4;
    %load/x1p 8, v009611A0_0, 5;
    %jmp T_2.63;
T_2.62 ;
    %mov 8, 2, 5;
T_2.63 ;
; Save base=8 wid=5 in lookaside.
    %set/v v009611F8_0, 8, 5;
    %ix/load 1, 12, 0;
    %mov 4, 0, 1;
    %jmp/1 T_2.64, 4;
    %load/x1p 8, v009611A0_0, 8;
    %jmp T_2.65;
T_2.64 ;
    %mov 8, 2, 8;
T_2.65 ;
; Save base=8 wid=8 in lookaside.
    %ix/load 0, 12, 0;
    %set/x0 v00960DD8_0, 8, 8;
    %ix/load 1, 20, 0;
    %mov 4, 0, 1;
    %jmp/1 T_2.66, 4;
    %load/x1p 8, v009611A0_0, 1;
    %jmp T_2.67;
T_2.66 ;
    %mov 8, 2, 1;
T_2.67 ;
; Save base=8 wid=1 in lookaside.
    %ix/load 0, 11, 0;
    %set/x0 v00960DD8_0, 8, 1;
    %ix/load 1, 21, 0;
    %mov 4, 0, 1;
    %jmp/1 T_2.68, 4;
    %load/x1p 8, v009611A0_0, 10;
    %jmp T_2.69;
T_2.68 ;
    %mov 8, 2, 10;
T_2.69 ;
; Save base=8 wid=10 in lookaside.
    %ix/load 0, 1, 0;
    %set/x0 v00960DD8_0, 8, 10;
    %ix/load 1, 31, 0;
    %mov 4, 0, 1;
    %jmp/1 T_2.70, 4;
    %load/x1p 8, v009611A0_0, 1;
    %jmp T_2.71;
T_2.70 ;
    %mov 8, 2, 1;
T_2.71 ;
; Save base=8 wid=1 in lookaside.
    %ix/load 0, 20, 0;
    %set/x0 v00960DD8_0, 8, 1;
    %load/v 8, v00960DD8_0, 21;
    %ix/load 0, 1, 0;
    %mov 4, 0, 1;
    %shiftr/i0  8, 21;
    %set/v v00960DD8_0, 8, 21;
    %set/v v00960D28_0, 2, 3;
    %set/v v009610F0_0, 2, 5;
    %set/v v00961148_0, 2, 5;
    %set/v v00960D80_0, 2, 7;
    %jmp T_2.7;
T_2.6 ;
    %ix/load 1, 7, 0;
    %mov 4, 0, 1;
    %jmp/1 T_2.72, 4;
    %load/x1p 8, v009611A0_0, 5;
    %jmp T_2.73;
T_2.72 ;
    %mov 8, 2, 5;
T_2.73 ;
; Save base=8 wid=5 in lookaside.
    %set/v v009611F8_0, 8, 5;
    %ix/load 1, 12, 0;
    %mov 4, 0, 1;
    %jmp/1 T_2.74, 4;
    %load/x1p 8, v009611A0_0, 3;
    %jmp T_2.75;
T_2.74 ;
    %mov 8, 2, 3;
T_2.75 ;
; Save base=8 wid=3 in lookaside.
    %set/v v00960D28_0, 8, 3;
    %ix/load 1, 15, 0;
    %mov 4, 0, 1;
    %jmp/1 T_2.76, 4;
    %load/x1p 8, v009611A0_0, 5;
    %jmp T_2.77;
T_2.76 ;
    %mov 8, 2, 5;
T_2.77 ;
; Save base=8 wid=5 in lookaside.
    %set/v v009610F0_0, 8, 5;
    %set/v v00960D80_0, 2, 7;
    %ix/load 1, 20, 0;
    %mov 4, 0, 1;
    %jmp/1 T_2.78, 4;
    %load/x1p 8, v009611A0_0, 12;
    %jmp T_2.79;
T_2.78 ;
    %mov 8, 2, 12;
T_2.79 ;
; Save base=8 wid=12 in lookaside.
    %ix/load 0, 0, 0;
    %set/x0 v00960DD8_0, 8, 12;
    %jmp T_2.7;
T_2.7 ;
    %jmp T_2;
    .thread T_2;
    .scope S_00904458;
T_3 ;
    %wait E_0090A740;
    %load/v 8, v009608B0_0, 7;
    %cmpi/u 8, 51, 7;
    %jmp/1 T_3.0, 6;
    %cmpi/u 8, 35, 7;
    %jmp/1 T_3.1, 6;
    %cmpi/u 8, 19, 7;
    %jmp/1 T_3.2, 6;
    %cmpi/u 8, 3, 7;
    %jmp/1 T_3.3, 6;
    %cmpi/u 8, 99, 7;
    %jmp/1 T_3.4, 6;
    %cmpi/u 8, 111, 7;
    %jmp/1 T_3.5, 6;
    %cmpi/u 8, 103, 7;
    %jmp/1 T_3.6, 6;
    %jmp T_3.7;
T_3.0 ;
    %set/v v00961670_0, 0, 1;
    %set/v v00960908_0, 0, 2;
    %set/v v009612A8_0, 1, 1;
    %set/v v00961778_0, 0, 1;
    %set/v v00960CD0_0, 0, 1;
    %set/v v009616C8_0, 0, 1;
    %jmp T_3.7;
T_3.1 ;
    %set/v v00961670_0, 1, 1;
    %set/v v00960908_0, 2, 2;
    %set/v v009612A8_0, 0, 1;
    %set/v v00961778_0, 0, 1;
    %set/v v00960CD0_0, 1, 1;
    %set/v v009616C8_0, 0, 1;
    %jmp T_3.7;
T_3.2 ;
    %set/v v00961670_0, 1, 1;
    %set/v v00960908_0, 0, 2;
    %set/v v009612A8_0, 1, 1;
    %set/v v00961778_0, 0, 1;
    %set/v v00960CD0_0, 0, 1;
    %set/v v009616C8_0, 0, 1;
    %jmp T_3.7;
T_3.3 ;
    %set/v v00961670_0, 1, 1;
    %movi 8, 1, 2;
    %set/v v00960908_0, 8, 2;
    %set/v v009612A8_0, 1, 1;
    %set/v v00961778_0, 1, 1;
    %set/v v00960CD0_0, 0, 1;
    %set/v v009616C8_0, 0, 1;
    %jmp T_3.7;
T_3.4 ;
    %set/v v00961670_0, 0, 1;
    %set/v v00960908_0, 2, 2;
    %set/v v009612A8_0, 0, 1;
    %set/v v00961778_0, 0, 1;
    %set/v v00960CD0_0, 0, 1;
    %set/v v009616C8_0, 1, 1;
    %jmp T_3.7;
T_3.5 ;
    %set/v v00961670_0, 0, 1;
    %movi 8, 2, 2;
    %set/v v00960908_0, 8, 2;
    %set/v v009612A8_0, 1, 1;
    %set/v v00961778_0, 0, 1;
    %set/v v00960CD0_0, 0, 1;
    %set/v v009616C8_0, 1, 1;
    %jmp T_3.7;
T_3.6 ;
    %set/v v00961670_0, 1, 1;
    %set/v v00960908_0, 1, 2;
    %set/v v009612A8_0, 1, 1;
    %set/v v00961778_0, 0, 1;
    %set/v v00960CD0_0, 0, 1;
    %set/v v009616C8_0, 1, 1;
    %jmp T_3.7;
T_3.7 ;
    %jmp T_3;
    .thread T_3;
    .scope S_00905090;
T_4 ;
    %wait E_00909E20;
    %load/v 8, v00961408_0, 7;
    %cmpi/u 8, 51, 7;
    %jmp/1 T_4.0, 6;
    %cmpi/u 8, 35, 7;
    %jmp/1 T_4.1, 6;
    %cmpi/u 8, 19, 7;
    %jmp/1 T_4.2, 6;
    %cmpi/u 8, 3, 7;
    %jmp/1 T_4.3, 6;
    %cmpi/u 8, 99, 7;
    %jmp/1 T_4.4, 6;
    %cmpi/u 8, 111, 7;
    %jmp/1 T_4.5, 6;
    %cmpi/u 8, 103, 7;
    %jmp/1 T_4.6, 6;
    %jmp T_4.7;
T_4.0 ;
    %load/v 8, v00961720_0, 3;
    %cmpi/u 8, 7, 3;
    %mov 8, 4, 1;
    %load/v 9, v00961618_0, 7;
    %cmpi/u 9, 0, 7;
    %mov 9, 4, 1;
    %and 8, 9, 1;
    %jmp/0xz  T_4.8, 8;
    %set/v v00961510_0, 0, 3;
    %jmp T_4.9;
T_4.8 ;
    %load/v 8, v00961720_0, 3;
    %cmpi/u 8, 6, 3;
    %mov 8, 4, 1;
    %load/v 9, v00961618_0, 7;
    %cmpi/u 9, 0, 7;
    %mov 9, 4, 1;
    %and 8, 9, 1;
    %jmp/0xz  T_4.10, 8;
    %movi 8, 1, 3;
    %set/v v00961510_0, 8, 3;
    %jmp T_4.11;
T_4.10 ;
    %load/v 8, v00961720_0, 3;
    %cmpi/u 8, 0, 3;
    %mov 8, 4, 1;
    %load/v 9, v00961618_0, 7;
    %cmpi/u 9, 0, 7;
    %mov 9, 4, 1;
    %and 8, 9, 1;
    %jmp/0xz  T_4.12, 8;
    %movi 8, 2, 3;
    %set/v v00961510_0, 8, 3;
    %jmp T_4.13;
T_4.12 ;
    %load/v 8, v00961720_0, 3;
    %cmpi/u 8, 0, 3;
    %mov 8, 4, 1;
    %load/v 9, v00961618_0, 7;
    %cmpi/u 9, 32, 7;
    %mov 9, 4, 1;
    %and 8, 9, 1;
    %jmp/0xz  T_4.14, 8;
    %movi 8, 3, 3;
    %set/v v00961510_0, 8, 3;
T_4.14 ;
T_4.13 ;
T_4.11 ;
T_4.9 ;
    %jmp T_4.7;
T_4.1 ;
    %movi 8, 2, 3;
    %set/v v00961510_0, 8, 3;
    %jmp T_4.7;
T_4.2 ;
    %movi 8, 2, 3;
    %set/v v00961510_0, 8, 3;
    %jmp T_4.7;
T_4.3 ;
    %movi 8, 2, 3;
    %set/v v00961510_0, 8, 3;
    %jmp T_4.7;
T_4.4 ;
    %load/v 8, v00961720_0, 3;
    %cmpi/u 8, 4, 3;
    %jmp/0xz  T_4.16, 4;
    %movi 8, 4, 3;
    %set/v v00961510_0, 8, 3;
    %jmp T_4.17;
T_4.16 ;
    %load/v 8, v00961720_0, 3;
    %cmpi/u 8, 2, 3;
    %jmp/0xz  T_4.18, 4;
    %movi 8, 5, 3;
    %set/v v00961510_0, 8, 3;
    %jmp T_4.19;
T_4.18 ;
    %load/v 8, v00961720_0, 3;
    %cmpi/u 8, 0, 3;
    %jmp/0xz  T_4.20, 4;
    %movi 8, 6, 3;
    %set/v v00961510_0, 8, 3;
T_4.20 ;
T_4.19 ;
T_4.17 ;
    %jmp T_4.7;
T_4.5 ;
    %movi 8, 2, 3;
    %set/v v00961510_0, 8, 3;
    %jmp T_4.7;
T_4.6 ;
    %movi 8, 2, 3;
    %set/v v00961510_0, 8, 3;
    %jmp T_4.7;
T_4.7 ;
    %jmp T_4;
    .thread T_4;
    .scope S_00905228;
T_5 ;
    %wait E_00909E20;
   %ix/load 1, 0, 0;
   %ix/load 3, 0, 0;
   %set/av v009613B0, 0, 32;
    %movi 8, 2, 32;
   %ix/load 1, 0, 0;
   %ix/load 3, 1, 0;
   %set/av v009613B0, 8, 32;
    %movi 8, 4, 32;
   %ix/load 1, 0, 0;
   %ix/load 3, 2, 0;
   %set/av v009613B0, 8, 32;
    %movi 8, 5, 32;
   %ix/load 1, 0, 0;
   %ix/load 3, 3, 0;
   %set/av v009613B0, 8, 32;
    %movi 8, 9, 32;
   %ix/load 1, 0, 0;
   %ix/load 3, 4, 0;
   %set/av v009613B0, 8, 32;
    %load/v 8, v00961300_0, 1;
    %jmp/0xz  T_5.0, 8;
    %load/v 8, v00961358_0, 32;
    %ix/getv 3, v00961568_0;
   %jmp/1 t_0, 4;
   %ix/load 1, 0, 0;
   %set/av v009613B0, 8, 32;
t_0 ;
T_5.0 ;
    %jmp T_5;
    .thread T_5;
    .scope S_00905008;
T_6 ;
    %wait E_00909E20;
    %load/v 8, v00960468_0, 1;
    %mov 9, 0, 2;
    %cmpi/u 8, 1, 3;
    %jmp/0xz  T_6.0, 4;
    %load/v 8, v009604C0_0, 21;
    %mov 29, 0, 11;
    %set/v v0095FFF0_0, 8, 32;
    %jmp T_6.1;
T_6.0 ;
    %load/v 8, v00960468_0, 1;
    %mov 9, 0, 1;
    %cmpi/u 8, 0, 2;
    %jmp/0xz  T_6.2, 4;
    %load/v 8, v00960048_0, 32;
    %set/v v0095FFF0_0, 8, 32;
T_6.2 ;
T_6.1 ;
    %jmp T_6;
    .thread T_6;
    .scope S_00904A30;
T_7 ;
    %wait E_00909E20;
    %load/v 8, v00960570_0, 3;
    %cmpi/u 8, 0, 3;
    %jmp/1 T_7.0, 6;
    %cmpi/u 8, 1, 3;
    %jmp/1 T_7.1, 6;
    %cmpi/u 8, 2, 3;
    %jmp/1 T_7.2, 6;
    %cmpi/u 8, 3, 3;
    %jmp/1 T_7.3, 6;
    %cmpi/u 8, 4, 3;
    %jmp/1 T_7.4, 6;
    %cmpi/u 8, 5, 3;
    %jmp/1 T_7.5, 6;
    %cmpi/u 8, 6, 3;
    %jmp/1 T_7.6, 6;
    %jmp T_7.7;
T_7.0 ;
    %load/v 8, v00960360_0, 32;
    %load/v 40, v009605C8_0, 32;
    %and 8, 40, 32;
    %set/v v00960410_0, 8, 32;
    %jmp T_7.7;
T_7.1 ;
    %load/v 8, v00960360_0, 32;
    %load/v 40, v009605C8_0, 32;
    %or 8, 40, 32;
    %set/v v00960410_0, 8, 32;
    %jmp T_7.7;
T_7.2 ;
    %load/v 8, v00960360_0, 32;
    %load/v 40, v009605C8_0, 32;
    %add 8, 40, 32;
    %set/v v00960410_0, 8, 32;
    %jmp T_7.7;
T_7.3 ;
    %load/v 8, v00960360_0, 32;
    %load/v 40, v009605C8_0, 32;
    %sub 8, 40, 32;
    %set/v v00960410_0, 8, 32;
    %jmp T_7.7;
T_7.4 ;
    %load/v 8, v00960360_0, 32;
    %load/v 40, v009605C8_0, 32;
    %cmp/u 8, 40, 32;
    %jmp/0xz  T_7.8, 5;
    %set/v v00960410_0, 0, 32;
    %jmp T_7.9;
T_7.8 ;
    %movi 8, 1, 32;
    %set/v v00960410_0, 8, 32;
T_7.9 ;
    %jmp T_7.7;
T_7.5 ;
    %load/v 8, v009605C8_0, 32;
    %load/v 40, v00960360_0, 32;
    %cmp/u 8, 40, 32;
    %or 5, 4, 1;
    %jmp/0xz  T_7.10, 5;
    %set/v v00960410_0, 0, 32;
    %jmp T_7.11;
T_7.10 ;
    %movi 8, 1, 32;
    %set/v v00960410_0, 8, 32;
T_7.11 ;
    %jmp T_7.7;
T_7.6 ;
    %load/v 8, v00960360_0, 32;
    %load/v 40, v009605C8_0, 32;
    %cmp/u 8, 40, 32;
    %jmp/0xz  T_7.12, 4;
    %set/v v00960410_0, 0, 32;
    %jmp T_7.13;
T_7.12 ;
    %movi 8, 1, 32;
    %set/v v00960410_0, 8, 32;
T_7.13 ;
    %jmp T_7.7;
T_7.7 ;
    %load/v 8, v00960410_0, 32;
    %cmpi/u 8, 0, 32;
    %jmp/0xz  T_7.14, 4;
    %set/v v00960728_0, 1, 1;
    %jmp T_7.15;
T_7.14 ;
    %set/v v00960728_0, 0, 1;
T_7.15 ;
    %jmp T_7;
    .thread T_7;
    .scope S_00905558;
T_8 ;
    %wait E_00909E20;
    %load/v 8, v009602B0_0, 1;
    %cmpi/u 8, 0, 1;
    %jmp/1 T_8.0, 6;
    %cmpi/u 8, 1, 1;
    %jmp/1 T_8.1, 6;
    %jmp T_8.2;
T_8.0 ;
    %load/v 8, v0092A208_0, 1;
    %mov 9, 0, 2;
    %cmpi/u 8, 1, 3;
    %jmp/0xz  T_8.3, 4;
    %ix/getv 3, v00913208_0;
    %load/av 8, v009603B8, 8;
    %mov 16, 0, 24;
    %set/v v009606D0_0, 8, 32;
T_8.3 ;
    %load/v 8, v00960308_0, 1;
    %mov 9, 0, 2;
    %cmpi/u 8, 1, 3;
    %jmp/0xz  T_8.5, 4;
    %load/v 8, v00960258_0, 32;
    %ix/getv 3, v00913208_0;
   %jmp/1 t_1, 4;
   %ix/load 1, 0, 0;
   %set/av v009603B8, 8, 8;
t_1 ;
T_8.5 ;
    %jmp T_8.2;
T_8.1 ;
    %load/v 8, v0092A208_0, 1;
    %mov 9, 0, 2;
    %cmpi/u 8, 1, 3;
    %jmp/0xz  T_8.7, 4;
    %ix/getv 3, v00913208_0;
    %load/av 8, v009603B8, 8;
    %ix/load 0, 0, 0;
    %set/x0 v009606D0_0, 8, 8;
T_8.7 ;
    %ix/load 0, 1, 0;
    %load/vp0 16, v00913208_0, 32;
    %ix/get 3, 16, 32;
    %load/av 8, v009603B8, 8;
    %ix/load 0, 8, 0;
    %set/x0 v009606D0_0, 8, 8;
    %ix/load 0, 2, 0;
    %load/vp0 16, v00913208_0, 32;
    %ix/get 3, 16, 32;
    %load/av 8, v009603B8, 8;
    %ix/load 0, 16, 0;
    %set/x0 v009606D0_0, 8, 8;
    %ix/load 0, 3, 0;
    %load/vp0 16, v00913208_0, 32;
    %ix/get 3, 16, 32;
    %load/av 8, v009603B8, 8;
    %ix/load 0, 24, 0;
    %set/x0 v009606D0_0, 8, 8;
    %load/v 8, v00960308_0, 1;
    %mov 9, 0, 2;
    %cmpi/u 8, 1, 3;
    %jmp/0xz  T_8.9, 4;
    %load/v 8, v00960258_0, 8; Only need 8 of 32 bits
; Save base=8 wid=8 in lookaside.
    %ix/getv 3, v00913208_0;
   %jmp/1 t_2, 4;
   %ix/load 1, 0, 0;
   %set/av v009603B8, 8, 8;
t_2 ;
T_8.9 ;
    %ix/load 1, 8, 0;
    %mov 4, 0, 1;
    %jmp/1 T_8.11, 4;
    %load/x1p 8, v00960258_0, 8;
    %jmp T_8.12;
T_8.11 ;
    %mov 8, 2, 8;
T_8.12 ;
; Save base=8 wid=8 in lookaside.
    %ix/load 0, 1, 0;
    %load/vp0 16, v00913208_0, 32;
    %ix/get 3, 16, 32;
   %jmp/1 t_3, 4;
   %ix/load 1, 0, 0;
   %set/av v009603B8, 8, 8;
t_3 ;
    %ix/load 1, 16, 0;
    %mov 4, 0, 1;
    %jmp/1 T_8.13, 4;
    %load/x1p 8, v00960258_0, 8;
    %jmp T_8.14;
T_8.13 ;
    %mov 8, 2, 8;
T_8.14 ;
; Save base=8 wid=8 in lookaside.
    %ix/load 0, 2, 0;
    %load/vp0 16, v00913208_0, 32;
    %ix/get 3, 16, 32;
   %jmp/1 t_4, 4;
   %ix/load 1, 0, 0;
   %set/av v009603B8, 8, 8;
t_4 ;
    %ix/load 1, 24, 0;
    %mov 4, 0, 1;
    %jmp/1 T_8.15, 4;
    %load/x1p 8, v00960258_0, 8;
    %jmp T_8.16;
T_8.15 ;
    %mov 8, 2, 8;
T_8.16 ;
; Save base=8 wid=8 in lookaside.
    %ix/load 0, 3, 0;
    %load/vp0 16, v00913208_0, 32;
    %ix/get 3, 16, 32;
   %jmp/1 t_5, 4;
   %ix/load 1, 0, 0;
   %set/av v009603B8, 8, 8;
t_5 ;
    %jmp T_8.2;
T_8.2 ;
    %jmp T_8;
    .thread T_8;
    .scope S_00905448;
T_9 ;
    %wait E_00909E20;
    %load/v 8, v0091CCA0_0, 2;
    %mov 10, 0, 1;
    %cmpi/u 8, 1, 3;
    %jmp/0xz  T_9.0, 4;
    %load/v 8, v009136F8_0, 32;
    %set/v v0091CCF8_0, 8, 32;
    %jmp T_9.1;
T_9.0 ;
    %load/v 8, v0091CCA0_0, 2;
    %mov 10, 0, 1;
    %cmpi/u 8, 0, 3;
    %jmp/0xz  T_9.2, 4;
    %load/v 8, v0131A400_0, 32;
    %set/v v0091CCF8_0, 8, 32;
    %jmp T_9.3;
T_9.2 ;
    %load/v 8, v0091CCA0_0, 2;
    %mov 10, 0, 2;
    %cmpi/u 8, 2, 4;
    %mov 8, 4, 1;
    %load/v 9, v0091CCA0_0, 2;
    %mov 11, 0, 2;
    %cmpi/u 9, 3, 4;
    %or 8, 4, 1;
    %jmp/0xz  T_9.4, 8;
    %load/v 8, v009131B0_0, 10;
    %mov 18, 0, 23;
    %addi 8, 1, 33;
    %set/v v0091CCF8_0, 8, 32;
T_9.4 ;
T_9.3 ;
T_9.1 ;
    %jmp T_9;
    .thread T_9;
# The file index is used to find the file name in the following table.
:file_names 13;
    "N/A";
    "<interactive>";
    "processor.v";
    "./../ProgramCounter/ProgramCounter.v";
    "./../Instruction_memory/instruction_memory.v";
    "./../decoder/decoder.v";
    "./../control/control.v";
    "./../alu_control/alu_control.v";
    "./../reg_file/reg_file.v";
    "./../alu_src_mux/alu_mux.v";
    "./../ALU/alu.v";
    "./../data_memory/data_memory.v";
    "./../mem_to_reg_mux/mem_mux.v";
